<?xml version="1.0" encoding="UTF-8"?>
<!-- Generated by org.testng.reporters.JUnitXMLReporter -->
<testsuite hostname="WIN-K5I9T8F605J" ignored="0" name="RegressionTest" tests="12" failures="0" timestamp="2020-06-25T21:18:18 EDT" time="0.375" errors="0">
  <testcase name="CloseBroTest" time="0.031" classname="SocialMedia.MyFirstMavenProject.FaceBookTest"/>
  <testcase name="LogInTest" time="0.0" classname="SocialMedia.MyFirstMavenProject.FaceBookTest"/>
  <testcase name="LogOutTest" time="0.0" classname="SocialMedia.MyFirstMavenProject.FaceBookTest"/>
  <testcase name="OpenBroTest" time="0.0" classname="SocialMedia.MyFirstMavenProject.FaceBookTest"/>
  <testcase name="CloseBroTest" time="0.0" classname="SocialMedia.MyFirstMavenProject.InstagramTest"/>
  <testcase name="LogInTest" time="0.0" classname="SocialMedia.MyFirstMavenProject.InstagramTest"/>
  <testcase name="LogOutTest" time="0.0" classname="SocialMedia.MyFirstMavenProject.InstagramTest"/>
  <testcase name="OpenBroTest" time="0.0" classname="SocialMedia.MyFirstMavenProject.InstagramTest"/>
  <testcase name="CloseBroTest" time="0.0" classname="SocialMedia.MyFirstMavenProject.TwitterTest"/>
  <testcase name="LogInTest" time="0.0" classname="SocialMedia.MyFirstMavenProject.TwitterTest"/>
  <testcase name="LogOutTest" time="0.0" classname="SocialMedia.MyFirstMavenProject.TwitterTest"/>
  <testcase name="OpenBroTest" time="0.016" classname="SocialMedia.MyFirstMavenProject.TwitterTest"/>
</testsuite> <!-- RegressionTest -->
