<?xml version="1.0" encoding="UTF-8"?>
<!-- Generated by org.testng.reporters.JUnitXMLReporter -->
<testsuite hostname="WIN-K5I9T8F605J" ignored="0" name="Test" tests="4" failures="0" timestamp="2020-06-20T21:52:33 EDT" time="0.146" errors="0">
  <testcase name="CloseBroTest" time="0.031" classname="SocialMedia.MyFirstMavenProject.TwitterTest"/>
  <testcase name="LogInTest" time="0.001" classname="SocialMedia.MyFirstMavenProject.TwitterTest"/>
  <testcase name="LogOutTest" time="0.009" classname="SocialMedia.MyFirstMavenProject.TwitterTest"/>
  <testcase name="OpenBroTest" time="0.005" classname="SocialMedia.MyFirstMavenProject.TwitterTest"/>
</testsuite> <!-- Test -->
