<?xml version="1.0" encoding="UTF-8"?>
<!-- Generated by org.testng.reporters.JUnitXMLReporter -->
<testsuite hostname="WIN-K5I9T8F605J" ignored="0" name="SmokeTest" tests="4" failures="0" timestamp="2020-06-27T20:09:41 EDT" time="0.134" errors="0">
  <testcase name="OpenBroTest" time="0.011" classname="SocialMedia.MyFirstMavenProject.FaceBookTest"/>
  <testcase name="LogInTest" time="0.032" classname="SocialMedia.MyFirstMavenProject.FaceBookTest"/>
  <testcase name="LogOutTest" time="0.001" classname="SocialMedia.MyFirstMavenProject.FaceBookTest"/>
  <testcase name="CloseBroTest" time="0.002" classname="SocialMedia.MyFirstMavenProject.FaceBookTest"/>
</testsuite> <!-- SmokeTest -->
