<?xml version="1.0" encoding="UTF-8"?>
<testsuite xmlns:xsi="http://www.w3.org/2001/XMLSchema-instance" xsi:noNamespaceSchemaLocation="https://maven.apache.org/surefire/maven-surefire-plugin/xsd/surefire-test-report-3.0.xsd" version="3.0" name="TestSuite" time="1.152" tests="12" errors="0" skipped="0" failures="0">
  <properties>
[...]
</properties>
  <testcase name="OpenBroTest" classname="SocialMedia.MyFirstMavenProject.FaceBookTest" time="0.02"/>
  <testcase name="LogInTest" classname="SocialMedia.MyFirstMavenProject.FaceBookTest" time="0.002"/>
  <testcase name="LogOutTest" classname="SocialMedia.MyFirstMavenProject.FaceBookTest" time="0.007"/>
  <testcase name="CloseBroTest" classname="SocialMedia.MyFirstMavenProject.FaceBookTest" time="0.003"/>
  <testcase name="OpenBroTest" classname="SocialMedia.MyFirstMavenProject.InstagramTest" time="0.002"/>
  <testcase name="LogInTest" classname="SocialMedia.MyFirstMavenProject.InstagramTest" time="0.001"/>
  <testcase name="LogOutTest" classname="SocialMedia.MyFirstMavenProject.InstagramTest" time="0.003"/>
  <testcase name="CloseBroTest" classname="SocialMedia.MyFirstMavenProject.InstagramTest" time="0.002"/>
  <testcase name="OpenBroTest" classname="SocialMedia.MyFirstMavenProject.TwitterTest" time="0.001"/>
  <testcase name="LogInTest" classname="SocialMedia.MyFirstMavenProject.TwitterTest" time="0.001"/>
  <testcase name="LogOutTest" classname="SocialMedia.MyFirstMavenProject.TwitterTest" time="0.002"/>
  <testcase name="CloseBroTest" classname="SocialMedia.MyFirstMavenProject.TwitterTest" time="0.006"/>
</testsuite>