<?xml version="1.0" encoding="UTF-8"?>
<testng-results skipped="0" failed="0" ignored="0" total="12" passed="12">
  <reporter-output>
  </reporter-output>
  <suite name="Suite" duration-ms="174" started-at="2020-06-27T20:10:14 EDT" finished-at="2020-06-27T20:10:14 EDT">
    <groups>
    </groups>
    <test name="RegressionTest" duration-ms="174" started-at="2020-06-27T20:10:14 EDT" finished-at="2020-06-27T20:10:14 EDT">
      <class name="SocialMedia.MyFirstMavenProject.TwitterTest">
        <test-method status="PASS" signature="OpenBroTest()[pri:1, instance:SocialMedia.MyFirstMavenProject.TwitterTest@2f686d1f]" name="OpenBroTest" duration-ms="3" started-at="2020-06-27T20:10:14 EDT" finished-at="2020-06-27T20:10:14 EDT">
          <reporter-output>
          </reporter-output>
        </test-method> <!-- OpenBroTest -->
        <test-method status="PASS" signature="LogInTest()[pri:2, instance:SocialMedia.MyFirstMavenProject.TwitterTest@2f686d1f]" name="LogInTest" duration-ms="2" started-at="2020-06-27T20:10:14 EDT" finished-at="2020-06-27T20:10:14 EDT">
          <reporter-output>
          </reporter-output>
        </test-method> <!-- LogInTest -->
        <test-method status="PASS" signature="LogOutTest()[pri:3, instance:SocialMedia.MyFirstMavenProject.TwitterTest@2f686d1f]" name="LogOutTest" duration-ms="2" started-at="2020-06-27T20:10:14 EDT" finished-at="2020-06-27T20:10:14 EDT">
          <reporter-output>
          </reporter-output>
        </test-method> <!-- LogOutTest -->
        <test-method status="PASS" signature="CloseBroTest()[pri:4, instance:SocialMedia.MyFirstMavenProject.TwitterTest@2f686d1f]" name="CloseBroTest" duration-ms="5" started-at="2020-06-27T20:10:14 EDT" finished-at="2020-06-27T20:10:14 EDT">
          <reporter-output>
          </reporter-output>
        </test-method> <!-- CloseBroTest -->
      </class> <!-- SocialMedia.MyFirstMavenProject.TwitterTest -->
      <class name="SocialMedia.MyFirstMavenProject.FaceBookTest">
        <test-method status="PASS" signature="OpenBroTest()[pri:1, instance:SocialMedia.MyFirstMavenProject.FaceBookTest@59ec2012]" name="OpenBroTest" duration-ms="11" started-at="2020-06-27T20:10:14 EDT" finished-at="2020-06-27T20:10:14 EDT">
          <reporter-output>
          </reporter-output>
        </test-method> <!-- OpenBroTest -->
        <test-method status="PASS" signature="LogInTest()[pri:2, instance:SocialMedia.MyFirstMavenProject.FaceBookTest@59ec2012]" name="LogInTest" duration-ms="28" started-at="2020-06-27T20:10:14 EDT" finished-at="2020-06-27T20:10:14 EDT">
          <reporter-output>
          </reporter-output>
        </test-method> <!-- LogInTest -->
        <test-method status="PASS" signature="LogOutTest()[pri:3, instance:SocialMedia.MyFirstMavenProject.FaceBookTest@59ec2012]" name="LogOutTest" duration-ms="1" started-at="2020-06-27T20:10:14 EDT" finished-at="2020-06-27T20:10:14 EDT">
          <reporter-output>
          </reporter-output>
        </test-method> <!-- LogOutTest -->
        <test-method status="PASS" signature="CloseBroTest()[pri:4, instance:SocialMedia.MyFirstMavenProject.FaceBookTest@59ec2012]" name="CloseBroTest" duration-ms="2" started-at="2020-06-27T20:10:14 EDT" finished-at="2020-06-27T20:10:14 EDT">
          <reporter-output>
          </reporter-output>
        </test-method> <!-- CloseBroTest -->
      </class> <!-- SocialMedia.MyFirstMavenProject.FaceBookTest -->
      <class name="SocialMedia.MyFirstMavenProject.InstagramTest">
        <test-method status="PASS" signature="OpenBroTest()[pri:1, instance:SocialMedia.MyFirstMavenProject.InstagramTest@4cf777e8]" name="OpenBroTest" duration-ms="1" started-at="2020-06-27T20:10:14 EDT" finished-at="2020-06-27T20:10:14 EDT">
          <reporter-output>
          </reporter-output>
        </test-method> <!-- OpenBroTest -->
        <test-method status="PASS" signature="LogInTest()[pri:2, instance:SocialMedia.MyFirstMavenProject.InstagramTest@4cf777e8]" name="LogInTest" duration-ms="1" started-at="2020-06-27T20:10:14 EDT" finished-at="2020-06-27T20:10:14 EDT">
          <reporter-output>
          </reporter-output>
        </test-method> <!-- LogInTest -->
        <test-method status="PASS" signature="LogOutTest()[pri:3, instance:SocialMedia.MyFirstMavenProject.InstagramTest@4cf777e8]" name="LogOutTest" duration-ms="3" started-at="2020-06-27T20:10:14 EDT" finished-at="2020-06-27T20:10:14 EDT">
          <reporter-output>
          </reporter-output>
        </test-method> <!-- LogOutTest -->
        <test-method status="PASS" signature="CloseBroTest()[pri:4, instance:SocialMedia.MyFirstMavenProject.InstagramTest@4cf777e8]" name="CloseBroTest" duration-ms="3" started-at="2020-06-27T20:10:14 EDT" finished-at="2020-06-27T20:10:14 EDT">
          <reporter-output>
          </reporter-output>
        </test-method> <!-- CloseBroTest -->
      </class> <!-- SocialMedia.MyFirstMavenProject.InstagramTest -->
    </test> <!-- RegressionTest -->
  </suite> <!-- Suite -->
</testng-results>
