<?xml version="1.0" encoding="UTF-8"?>
<testng-results skipped="0" failed="0" ignored="0" total="12" passed="12">
  <reporter-output>
  </reporter-output>
  <suite name="Suite" duration-ms="375" started-at="2020-06-25T21:18:17 EDT" finished-at="2020-06-25T21:18:18 EDT">
    <groups>
    </groups>
    <test name="RegressionTest" duration-ms="375" started-at="2020-06-25T21:18:17 EDT" finished-at="2020-06-25T21:18:18 EDT">
      <class name="SocialMedia.MyFirstMavenProject.TwitterTest">
        <test-method status="PASS" signature="CloseBroTest()[pri:0, instance:SocialMedia.MyFirstMavenProject.TwitterTest@32709393]" name="CloseBroTest" duration-ms="0" started-at="2020-06-25T21:18:18 EDT" finished-at="2020-06-25T21:18:18 EDT">
          <reporter-output>
          </reporter-output>
        </test-method> <!-- CloseBroTest -->
        <test-method status="PASS" signature="LogInTest()[pri:0, instance:SocialMedia.MyFirstMavenProject.TwitterTest@32709393]" name="LogInTest" duration-ms="0" started-at="2020-06-25T21:18:18 EDT" finished-at="2020-06-25T21:18:18 EDT">
          <reporter-output>
          </reporter-output>
        </test-method> <!-- LogInTest -->
        <test-method status="PASS" signature="LogOutTest()[pri:0, instance:SocialMedia.MyFirstMavenProject.TwitterTest@32709393]" name="LogOutTest" duration-ms="0" started-at="2020-06-25T21:18:18 EDT" finished-at="2020-06-25T21:18:18 EDT">
          <reporter-output>
          </reporter-output>
        </test-method> <!-- LogOutTest -->
        <test-method status="PASS" signature="OpenBroTest()[pri:0, instance:SocialMedia.MyFirstMavenProject.TwitterTest@32709393]" name="OpenBroTest" duration-ms="16" started-at="2020-06-25T21:18:18 EDT" finished-at="2020-06-25T21:18:18 EDT">
          <reporter-output>
          </reporter-output>
        </test-method> <!-- OpenBroTest -->
      </class> <!-- SocialMedia.MyFirstMavenProject.TwitterTest -->
      <class name="SocialMedia.MyFirstMavenProject.FaceBookTest">
        <test-method status="PASS" signature="CloseBroTest()[pri:0, instance:SocialMedia.MyFirstMavenProject.FaceBookTest@50b494a6]" name="CloseBroTest" duration-ms="31" started-at="2020-06-25T21:18:18 EDT" finished-at="2020-06-25T21:18:18 EDT">
          <reporter-output>
          </reporter-output>
        </test-method> <!-- CloseBroTest -->
        <test-method status="PASS" signature="LogInTest()[pri:0, instance:SocialMedia.MyFirstMavenProject.FaceBookTest@50b494a6]" name="LogInTest" duration-ms="0" started-at="2020-06-25T21:18:18 EDT" finished-at="2020-06-25T21:18:18 EDT">
          <reporter-output>
          </reporter-output>
        </test-method> <!-- LogInTest -->
        <test-method status="PASS" signature="LogOutTest()[pri:0, instance:SocialMedia.MyFirstMavenProject.FaceBookTest@50b494a6]" name="LogOutTest" duration-ms="0" started-at="2020-06-25T21:18:18 EDT" finished-at="2020-06-25T21:18:18 EDT">
          <reporter-output>
          </reporter-output>
        </test-method> <!-- LogOutTest -->
        <test-method status="PASS" signature="OpenBroTest()[pri:0, instance:SocialMedia.MyFirstMavenProject.FaceBookTest@50b494a6]" name="OpenBroTest" duration-ms="0" started-at="2020-06-25T21:18:18 EDT" finished-at="2020-06-25T21:18:18 EDT">
          <reporter-output>
          </reporter-output>
        </test-method> <!-- OpenBroTest -->
      </class> <!-- SocialMedia.MyFirstMavenProject.FaceBookTest -->
      <class name="SocialMedia.MyFirstMavenProject.InstagramTest">
        <test-method status="PASS" signature="CloseBroTest()[pri:0, instance:SocialMedia.MyFirstMavenProject.InstagramTest@3cef309d]" name="CloseBroTest" duration-ms="0" started-at="2020-06-25T21:18:18 EDT" finished-at="2020-06-25T21:18:18 EDT">
          <reporter-output>
          </reporter-output>
        </test-method> <!-- CloseBroTest -->
        <test-method status="PASS" signature="LogInTest()[pri:0, instance:SocialMedia.MyFirstMavenProject.InstagramTest@3cef309d]" name="LogInTest" duration-ms="0" started-at="2020-06-25T21:18:18 EDT" finished-at="2020-06-25T21:18:18 EDT">
          <reporter-output>
          </reporter-output>
        </test-method> <!-- LogInTest -->
        <test-method status="PASS" signature="LogOutTest()[pri:0, instance:SocialMedia.MyFirstMavenProject.InstagramTest@3cef309d]" name="LogOutTest" duration-ms="0" started-at="2020-06-25T21:18:18 EDT" finished-at="2020-06-25T21:18:18 EDT">
          <reporter-output>
          </reporter-output>
        </test-method> <!-- LogOutTest -->
        <test-method status="PASS" signature="OpenBroTest()[pri:0, instance:SocialMedia.MyFirstMavenProject.InstagramTest@3cef309d]" name="OpenBroTest" duration-ms="0" started-at="2020-06-25T21:18:18 EDT" finished-at="2020-06-25T21:18:18 EDT">
          <reporter-output>
          </reporter-output>
        </test-method> <!-- OpenBroTest -->
      </class> <!-- SocialMedia.MyFirstMavenProject.InstagramTest -->
    </test> <!-- RegressionTest -->
  </suite> <!-- Suite -->
</testng-results>
